<?xml version="1.0" encoding="utf-8"?><testsuites><testsuite name="pytest" errors="0" failures="0" skipped="4" tests="37" time="1.310" timestamp="2025-12-06T14:16:05.926209" hostname="Mac"><testcase classname="tests.integration.monitoring.test_prometheus_integration.TestTempoIntegration" name="test_tempo_exposes_metrics" time="0.155" /><testcase classname="tests.integration.monitoring.test_prometheus_integration.TestPrometheusMetricsScraping" name="test_prometheus_has_active_targets" time="0.152" /><testcase classname="tests.integration.monitoring.test_prometheus_integration.TestLokiIntegration" name="test_loki_ready_endpoint" time="0.152" /><testcase classname="tests.integration.auth.test_keycloak_integration.TestKeycloakNginxIntegration" name="test_keycloak_admin_console_accessible" time="0.164" /><testcase classname="tests.integration.nginx.test_nginx_service_integration.TestNginxToGrafana" name="test_nginx_routes_to_grafana" time="0.155" /><testcase classname="tests.integration.database.test_postgres_integration.TestKeycloakDatabase" name="test_keycloak_can_authenticate" time="0.157" /><testcase classname="tests.integration.monitoring.test_prometheus_integration.TestPrometheusGrafanaIntegration" name="test_grafana_can_reach_prometheus" time="0.154" /><testcase classname="tests.integration.nginx.test_nginx_service_integration.TestNginxToFrontend" name="test_nginx_forwards_frontend_assets" time="0.154" /><testcase classname="tests.integration.database.test_postgres_integration.TestPostgresExporter" name="test_postgres_metrics_available" time="0.153" /><testcase classname="tests.integration.nginx.test_nginx_service_integration.TestNginxToPrometheus" name="test_nginx_forwards_prometheus_api" time="0.154" /><testcase classname="tests.integration.auth.test_keycloak_integration.TestKeycloakBasicFunctionality" name="test_keycloak_token_endpoint_exists" time="0.158" /><testcase classname="tests.integration.auth.test_keycloak_integration.TestKeycloakBasicFunctionality" name="test_keycloak_master_realm_accessible" time="0.157" /><testcase classname="tests.integration.database.test_postgres_integration.TestPostgreSQLConnection" name="test_can_connect_to_postgres" time="0.148"><skipped type="pytest.skip" message="PostgreSQL not accessible">/Users/nicolaslallier/Dev Nick/AI_Infra/tests/integration/database/test_postgres_integration.py:16: PostgreSQL not accessible</skipped></testcase><testcase classname="tests.integration.database.test_postgres_integration.TestPostgreSQLConnection" name="test_can_list_databases" time="0.150"><skipped type="pytest.skip" message="PostgreSQL not accessible">/Users/nicolaslallier/Dev Nick/AI_Infra/tests/integration/database/test_postgres_integration.py:31: PostgreSQL not accessible</skipped></testcase><testcase classname="tests.integration.monitoring.test_prometheus_integration.TestPrometheusMetricsScraping" name="test_prometheus_can_query_metrics" time="0.017" /><testcase classname="tests.integration.database.test_postgres_integration.TestPostgreSQLConnection" name="test_can_execute_query" time="0.001"><skipped type="pytest.skip" message="PostgreSQL not accessible">/Users/nicolaslallier/Dev Nick/AI_Infra/tests/integration/database/test_postgres_integration.py:21: PostgreSQL not accessible</skipped></testcase><testcase classname="tests.integration.database.test_postgres_integration.TestKeycloakDatabase" name="test_keycloak_schema_exists" time="0.001"><skipped type="pytest.skip" message="PostgreSQL not accessible">/Users/nicolaslallier/Dev Nick/AI_Infra/tests/integration/database/test_postgres_integration.py:48: PostgreSQL not accessible</skipped></testcase><testcase classname="tests.integration.monitoring.test_prometheus_integration.TestTempoIntegration" name="test_tempo_ready_endpoint" time="0.004" /><testcase classname="tests.integration.nginx.test_nginx_service_integration.TestNginxToPrometheus" name="test_nginx_routes_to_prometheus" time="0.005" /><testcase classname="tests.integration.monitoring.test_prometheus_integration.TestPrometheusMetricsScraping" name="test_prometheus_scrapes_itself" time="0.005" /><testcase classname="tests.integration.nginx.test_nginx_service_integration.TestNginxToFrontend" name="test_nginx_serves_frontend_html" time="0.004" /><testcase classname="tests.integration.nginx.test_nginx_service_integration.TestNginxToKeycloak" name="test_nginx_routes_to_keycloak" time="0.008" /><testcase classname="tests.integration.nginx.test_nginx_service_integration.TestNginxToKeycloak" name="test_nginx_forwards_keycloak_wellknown" time="0.008" /><testcase classname="tests.integration.nginx.test_nginx_service_integration.TestNginxToGrafana" name="test_nginx_grafana_api_accessible" time="0.004" /><testcase classname="tests.integration.nginx.test_nginx_service_integration.TestNginxToPrometheus" name="test_nginx_preserves_prometheus_query_params" time="0.006" /><testcase classname="tests.integration.monitoring.test_prometheus_integration.TestLokiIntegration" name="test_loki_can_query_labels" time="0.005" /><testcase classname="tests.integration.auth.test_keycloak_integration.TestKeycloakBasicFunctionality" name="test_keycloak_openid_configuration" time="0.008" /><testcase classname="tests.integration.auth.test_keycloak_integration.TestKeycloakNginxIntegration" name="test_keycloak_accessible_through_nginx" time="0.015" /><testcase classname="tests.integration.nginx.test_nginx_service_integration.TestNginxToLoki" name="test_nginx_forwards_loki_api" time="0.006" /><testcase classname="tests.integration.database.test_postgres_integration.TestGrafanaDatabase" name="test_grafana_database_healthy" time="0.005" /><testcase classname="tests.integration.nginx.test_nginx_service_integration.TestNginxToPgAdmin" name="test_nginx_pgadmin_script_name_header" time="0.010" /><testcase classname="tests.integration.nginx.test_nginx_service_integration.TestNginxHealthCheck" name="test_health_endpoint_responds" time="0.003" /><testcase classname="tests.integration.nginx.test_nginx_service_integration.TestNginxHealthCheck" name="test_health_endpoint_fast_response" time="0.003" /><testcase classname="tests.integration.auth.test_keycloak_integration.TestKeycloakDatabaseIntegration" name="test_keycloak_persists_data" time="0.005" /><testcase classname="tests.integration.nginx.test_nginx_service_integration.TestNginxToTempo" name="test_nginx_routes_to_tempo" time="0.003" /><testcase classname="tests.integration.nginx.test_nginx_service_integration.TestNginxToPgAdmin" name="test_nginx_routes_to_pgadmin" time="0.009" /><testcase classname="tests.integration.nginx.test_nginx_service_integration.TestNginxToLoki" name="test_nginx_routes_to_loki" time="0.003" /></testsuite></testsuites>