<?xml version="1.0" encoding="utf-8"?><testsuites><testsuite name="pytest" errors="0" failures="0" skipped="3" tests="79" time="1.623" timestamp="2025-12-06T14:11:08.705415" hostname="Mac"><testcase classname="tests.unit.nginx.test_nginx_config_syntax.TestNginxConfigSyntax" name="test_nginx_config_syntax_with_docker" time="0.001"><skipped type="pytest.skip" message="Nginx config references Docker services that aren't available during isolated testing. Use integration tests instead.">/Users/nicolaslallier/Dev Nick/AI_Infra/tests/unit/nginx/test_nginx_config_syntax.py:44: Nginx config references Docker services that aren't available during isolated testing. Use integration tests instead.</skipped></testcase><testcase classname="tests.unit.nginx.test_nginx_config_syntax.TestNginxConfigSyntax" name="test_nginx_config_has_resolver" time="0.156" /><testcase classname="tests.unit.nginx.test_nginx_config_syntax.TestNginxConfigSyntax" name="test_nginx_config_listen_port" time="0.168" /><testcase classname="tests.unit.nginx.test_nginx_config_syntax.TestNginxConfigSyntax" name="test_nginx_config_has_gzip_enabled" time="0.168" /><testcase classname="tests.unit.nginx.test_nginx_config_syntax.TestNginxConfigSyntax" name="test_nginx_config_is_readable" time="0.168" /><testcase classname="tests.unit.nginx.test_nginx_config_syntax.TestNginxConfigSyntax" name="test_nginx_config_has_security_headers" time="0.168" /><testcase classname="tests.unit.nginx.test_nginx_dns_resolution.TestNginxDNSResolution" name="test_upstream_variables_defined" time="0.171" /><testcase classname="tests.unit.nginx.test_nginx_compression.TestNginxCompression" name="test_gzip_proxied_configured" time="0.169" /><testcase classname="tests.unit.nginx.test_nginx_compression.TestNginxCompression" name="test_gzip_min_length_set" time="0.169" /><testcase classname="tests.unit.nginx.test_nginx_compression.TestNginxCompression" name="test_compression_for_json_apis" time="0.169" /><testcase classname="tests.unit.nginx.test_nginx_compression.TestNginxCompression" name="test_gzip_enabled" time="0.169" /><testcase classname="tests.unit.nginx.test_nginx_dns_resolution.TestNginxDNSResolution" name="test_ipv6_disabled" time="0.168" /><testcase classname="tests.unit.nginx.test_nginx_compression.TestNginxCompression" name="test_gzip_http_version" time="0.169" /><testcase classname="tests.unit.nginx.test_nginx_dns_resolution.TestNginxDNSResolution" name="test_dns_resolver_configured" time="0.001" /><testcase classname="tests.unit.nginx.test_nginx_dns_resolution.TestNginxDNSResolution" name="test_docker_dns_resolver_address" time="0.168" /><testcase classname="tests.unit.nginx.test_nginx_compression.TestNginxCompression" name="test_gzip_types_configured" time="0.168" /><testcase classname="tests.unit.nginx.test_nginx_config_syntax.TestNginxConfigSyntax" name="test_nginx_config_file_exists" time="0.001" /><testcase classname="tests.unit.nginx.test_nginx_dns_resolution.TestNginxDNSResolution" name="test_service_dns_names_used" time="0.001" /><testcase classname="tests.unit.nginx.test_nginx_config_syntax.TestNginxConfigSyntax" name="test_nginx_config_has_logging" time="0.001" /><testcase classname="tests.unit.nginx.test_nginx_compression.TestNginxCompression" name="test_gzip_buffers_configured" time="0.001" /><testcase classname="tests.unit.nginx.test_nginx_dns_resolution.TestNginxDNSResolution" name="test_resolver_in_http_block" time="0.001" /><testcase classname="tests.unit.nginx.test_nginx_dns_resolution.TestNginxDNSResolution" name="test_dns_cache_ttl" time="0.001" /><testcase classname="tests.unit.nginx.test_nginx_dns_resolution.TestNginxDNSResolution" name="test_no_hardcoded_ips" time="0.001" /><testcase classname="tests.unit.nginx.test_nginx_dns_resolution.TestNginxDNSResolution" name="test_variable_based_proxy_pass" time="0.003" /><testcase classname="tests.unit.nginx.test_nginx_health_endpoint.TestNginxHealthEndpoint" name="test_health_endpoint_content_type" time="0.001" /><testcase classname="tests.unit.nginx.test_nginx_compression.TestNginxCompression" name="test_gzip_types_excludes_pre_compressed" time="0.001" /><testcase classname="tests.unit.nginx.test_nginx_compression.TestNginxCompression" name="test_gzip_disable_for_old_browsers" time="0.001" /><testcase classname="tests.unit.nginx.test_nginx_health_endpoint.TestNginxHealthEndpoint" name="test_health_endpoint_response_body" time="0.001" /><testcase classname="tests.unit.nginx.test_nginx_health_endpoint.TestNginxHealthEndpoint" name="test_health_endpoint_location_exact_match" time="0.001"><skipped type="pytest.skip" message="Health endpoint uses prefix match instead of exact match (consider using 'location =' for security)">/Users/nicolaslallier/Dev Nick/AI_Infra/tests/unit/nginx/test_nginx_health_endpoint.py:96: Health endpoint uses prefix match instead of exact match (consider using 'location =' for security)</skipped></testcase><testcase classname="tests.unit.nginx.test_nginx_health_endpoint.TestNginxHealthEndpoint" name="test_health_endpoint_no_logging" time="0.001" /><testcase classname="tests.unit.nginx.test_nginx_compression.TestNginxCompression" name="test_gzip_vary_enabled" time="0.001" /><testcase classname="tests.unit.nginx.test_nginx_config_syntax.TestNginxConfigSyntax" name="test_nginx_config_has_required_blocks" time="0.001" /><testcase classname="tests.unit.nginx.test_nginx_health_endpoint.TestNginxHealthEndpoint" name="test_health_endpoint_no_authentication" time="0.001" /><testcase classname="tests.unit.nginx.test_nginx_compression.TestNginxCompression" name="test_gzip_comp_level_reasonable" time="0.001" /><testcase classname="tests.unit.nginx.test_nginx_health_endpoint.TestNginxHealthEndpoint" name="test_health_endpoint_returns_200" time="0.001" /><testcase classname="tests.unit.nginx.test_nginx_health_endpoint.TestNginxHealthEndpoint" name="test_health_endpoint_exists" time="0.001" /><testcase classname="tests.unit.nginx.test_nginx_health_endpoint.TestNginxHealthEndpoint" name="test_health_endpoint_simple_implementation" time="0.001" /><testcase classname="tests.unit.nginx.test_nginx_proxy_headers.TestNginxProxyHeaders" name="test_host_header_forwarded" time="0.001" /><testcase classname="tests.unit.nginx.test_nginx_health_endpoint.TestNginxHealthEndpoint" name="test_health_endpoint_fast_response" time="0.001" /><testcase classname="tests.unit.nginx.test_nginx_proxy_headers.TestNginxProxyHeaders" name="test_websocket_upgrade_headers" time="0.001" /><testcase classname="tests.unit.nginx.test_nginx_proxy_headers.TestNginxProxyHeaders" name="test_keycloak_forwarded_host_header" time="0.001" /><testcase classname="tests.unit.nginx.test_nginx_config_syntax.TestNginxConfigSyntax" name="test_nginx_config_has_timeout_settings" time="0.001" /><testcase classname="tests.unit.nginx.test_nginx_proxy_headers.TestNginxProxyHeaders" name="test_real_ip_header_forwarded" time="0.001" /><testcase classname="tests.unit.nginx.test_nginx_proxy_headers.TestNginxProxyHeaders" name="test_websocket_upgrade_mapping" time="0.001" /><testcase classname="tests.unit.nginx.test_nginx_routing.TestNginxRouting" name="test_prometheus_routing" time="0.001" /><testcase classname="tests.unit.nginx.test_nginx_proxy_headers.TestNginxProxyHeaders" name="test_forwarded_proto_header_set" time="0.001" /><testcase classname="tests.unit.nginx.test_nginx_proxy_headers.TestNginxProxyHeaders" name="test_pgadmin_script_name_header" time="0.001" /><testcase classname="tests.unit.nginx.test_nginx_proxy_headers.TestNginxProxyHeaders" name="test_proxy_http_version" time="0.001" /><testcase classname="tests.unit.nginx.test_nginx_proxy_headers.TestNginxProxyHeaders" name="test_forwarded_for_header_set" time="0.001" /><testcase classname="tests.unit.nginx.test_nginx_proxy_headers.TestNginxProxyHeaders" name="test_buffering_configuration_for_keycloak" time="0.001" /><testcase classname="tests.unit.nginx.test_nginx_health_endpoint.TestNginxHealthEndpoint" name="test_no_other_health_endpoints" time="0.003" /><testcase classname="tests.unit.nginx.test_nginx_routing.TestNginxRouting" name="test_frontend_routing" time="0.001" /><testcase classname="tests.unit.nginx.test_nginx_proxy_headers.TestNginxProxyHeaders" name="test_keycloak_forwarded_port_header" time="0.001" /><testcase classname="tests.unit.nginx.test_nginx_routing.TestNginxRouting" name="test_proxy_headers_set" time="0.001" /><testcase classname="tests.unit.nginx.test_nginx_routing.TestNginxRouting" name="test_tempo_routing" time="0.001" /><testcase classname="tests.unit.nginx.test_nginx_routing.TestNginxRouting" name="test_pgadmin_routing" time="0.001" /><testcase classname="tests.unit.nginx.test_nginx_routing.TestNginxRouting" name="test_grafana_routing" time="0.001" /><testcase classname="tests.unit.nginx.test_nginx_routing.TestNginxRouting" name="test_backwards_compatibility_redirects" time="0.001" /><testcase classname="tests.unit.nginx.test_nginx_routing.TestNginxRouting" name="test_client_max_body_size" time="0.001" /><testcase classname="tests.unit.nginx.test_nginx_proxy_headers.TestNginxProxyHeaders" name="test_buffering_configuration_for_pgadmin" time="0.001" /><testcase classname="tests.unit.nginx.test_nginx_routing.TestNginxRouting" name="test_timeout_configuration" time="0.001" /><testcase classname="tests.unit.nginx.test_nginx_routing.TestNginxRouting" name="test_websocket_support" time="0.001" /><testcase classname="tests.unit.nginx.test_nginx_routing.TestNginxRouting" name="test_loki_routing" time="0.001" /><testcase classname="tests.unit.nginx.test_nginx_routing.TestNginxRouting" name="test_health_check_endpoint" time="0.001" /><testcase classname="tests.unit.nginx.test_nginx_security.TestNginxSecurity" name="test_ssl_protocols_secure" time="0.001" /><testcase classname="tests.unit.nginx.test_nginx_security.TestNginxSecurity" name="test_access_log_configured" time="0.001" /><testcase classname="tests.unit.nginx.test_nginx_security.TestNginxSecurity" name="test_client_max_body_size_limited" time="0.002" /><testcase classname="tests.unit.nginx.test_nginx_security.TestNginxSecurity" name="test_error_log_configured" time="0.001" /><testcase classname="tests.unit.nginx.test_nginx_security.TestNginxSecurity" name="test_no_default_server_vulnerabilities" time="0.001" /><testcase classname="tests.unit.nginx.test_nginx_routing.TestNginxRouting" name="test_keycloak_routing" time="0.001" /><testcase classname="tests.unit.nginx.test_nginx_security.TestNginxSecurity" name="test_no_autoindex" time="0.001" /><testcase classname="tests.unit.nginx.test_nginx_security.TestNginxSecurity" name="test_rate_limiting_considered" time="0.001"><skipped type="pytest.skip" message="Rate limiting not configured (recommended for production)">/Users/nicolaslallier/Dev Nick/AI_Infra/tests/unit/nginx/test_nginx_security.py:131: Rate limiting not configured (recommended for production)</skipped></testcase><testcase classname="tests.unit.nginx.test_nginx_security.TestNginxSecurity" name="test_server_tokens_hidden" time="0.001" /><testcase classname="tests.unit.nginx.test_nginx_security.TestNginxSecurity" name="test_keepalive_timeout_reasonable" time="0.001" /><testcase classname="tests.unit.nginx.test_nginx_security.TestNginxSecurity" name="test_health_endpoint_no_sensitive_info" time="0.001" /><testcase classname="tests.unit.nginx.test_nginx_security.TestNginxSecurity" name="test_proxy_redirect_configured" time="0.001" /><testcase classname="tests.unit.nginx.test_nginx_security.TestNginxSecurity" name="test_directory_traversal_protection" time="0.002" /><testcase classname="tests.unit.nginx.test_nginx_security.TestNginxSecurity" name="test_sensitive_locations_protected" time="0.001" /><testcase classname="tests.unit.nginx.test_nginx_security.TestNginxSecurity" name="test_proxy_headers_prevent_injection" time="0.001" /></testsuite></testsuites>